<?xml version="1.0" encoding="UTF-8"?>
<!-- Generated by org.testng.reporters.JUnitXMLReporter -->
<testsuite hostname="DESKTOP-UHNK6VB" name="Test" tests="1" failures="0" timestamp="27 Nov 2019 06:24:59 GMT" time="56.574" errors="0">
  <testcase name="@BeforeTest beforeTest" time="0.0" classname="example.NewTest">
    <failure type="org.openqa.selenium.WebDriverException" message="Failed to connect to binary FirefoxBinary(C:\Program Files\Mozilla Firefox\firefox.exe) on port 7055; process output follows: 
ontributors&amp;quot;:null,&amp;quot;locales&amp;quot;:[&amp;quot;nl&amp;quot;]}],&amp;quot;targetApplications&amp;quot;:[{&amp;quot;id&amp;quot;:&amp;quot;toolkit@mozilla.org&amp;quot;,&amp;quot;minVersion&amp;quot;:&amp;quot;48.0&amp;quot;,&amp;quot;maxVersion&amp;quot;:null}],&amp;quot;targetPlatforms&amp;quot;:[],&amp;quot;signedState&amp;quot;:2,&amp;quot;seen&amp;quot;:true,&amp;quot;dependencies&amp;quot;:[],&amp;quot;incognito&amp;quot;:&amp;quot;spanning&amp;quot;,&amp;quot;userPermissions&amp;quot;:{&amp;quot;permissions&amp;quot;:[&amp;quot;tabs&amp;quot;,&amp;quot;proxy&amp;quot;,&amp;quot;webRequest&amp;quot;,&amp;quot;webRequestBlocking&amp;quot;,&amp;quot;webNavigation&amp;quot;,&amp;quot;storage&amp;quot;,&amp;quot;downloads&amp;quot;],&amp;quot;origins&amp;quot;:[&amp;quot;http://*/*&amp;quot;,&amp;quot;https://*/*&amp;quot;,&amp;quot;&amp;lt;all_urls&amp;gt;&amp;quot;]},&amp;quot;icons&amp;quot;:{&amp;quot;48&amp;quot;:&amp;quot;images/icon-48.png&amp;quot;,&amp;quot;128&amp;quot;:&amp;quot;images/icon-128.png&amp;quot;},&amp;quot;iconURL&amp;quot;:null,&amp;quot;blocklistState&amp;quot;:0,&amp;quot;blocklistURL&amp;quot;:null,&amp;quot;startupData&amp;quot;:null,&amp;quot;hidden&amp;quot;:false,&amp;quot;installTelemetryInfo&amp;quot;:{&amp;quot;source&amp;quot;:&amp;quot;winreg-app-global&amp;quot;,&amp;quot;method&amp;quot;:&amp;quot;sideload&amp;quot;},&amp;quot;recommendationState&amp;quot;:null,&amp;quot;rootURI&amp;quot;:&amp;quot;jar:file:///C:/ProgramData/WRData/PKG/FF_XPI/wts_ff_extension.xpi!/&amp;quot;,&amp;quot;location&amp;quot;:&amp;quot;winreg-app-global&amp;quot;}
1574835877847	addons.xpi-utils	DEBUG	Updating active state for add-on webrootsecure@webroot.com to true
1574835877849	addons.xpi	DEBUG	Loading bootstrap scope from jar:file:///C:/ProgramData/WRData/PKG/FF_XPI/wts_ff_extension.xpi!/
1574835877849	addons.xpi	DEBUG	Calling bootstrap method startup on webrootsecure@webroot.com version 1.10.0.6
1574835885128	addons.xpi	DEBUG	Calling bootstrap method shutdown on wikipedia@search.mozilla.org version 1.0
1574835885130	addons.xpi	DEBUG	Calling bootstrap method shutdown on webrootsecure@webroot.com version 1.10.0.6
1574835885139	addons.xpi	DEBUG	Calling bootstrap method shutdown on webcompat@mozilla.org version 6.2.0
1574835885151	addons.xpi	DEBUG	Calling bootstrap method shutdown on twitter@search.mozilla.org version 1.0
1574835885154	addons.xpi	DEBUG	Calling bootstrap method shutdown on screenshots@mozilla.org version 39.0.0
1574835885162	addons.xpi	DEBUG	Calling bootstrap method shutdown on google@search.mozilla.org version 1.0
1574835885165	addons.xpi	DEBUG	Calling bootstrap method shutdown on formautofill@mozilla.org version 1.0
1574835885171	addons.xpi	DEBUG	Calling bootstrap method shutdown on ebay@search.mozilla.org version 1.0
1574835885174	addons.xpi	DEBUG	Calling bootstrap method shutdown on default-theme@mozilla.org version 1.0
1574835885177	addons.xpi	DEBUG	Calling bootstrap method shutdown on ddg@search.mozilla.org version 1.0
1574835885179	addons.xpi	DEBUG	Calling bootstrap method shutdown on ciscowebexstart1@cisco.com version 1.0.12
1574835885186	addons.xpi	DEBUG	Calling bootstrap method shutdown on bing@search.mozilla.org version 1.0
1574835885189	addons.xpi	DEBUG	Calling bootstrap method shutdown on amazondotcom@search.mozilla.org version 1.1
[Parent 21748, Gecko_IOThread] WARNING: pipe error: 109: file z:/task_1572401533/build/src/ipc/chromium/src/chrome/common/ipc_channel_win.cc, line 341
[Child 13476, Chrome_ChildThread] WARNING: pipe error: 109: file z:/task_1572401533/build/src/ipc/chromium/src/chrome/common/ipc_channel_win.cc, line 341
[Child 13476, Chrome_ChildThread] WARNING: pipe errJavaScript error: resource://gre/modules/UrlClassifierListManager.jsm, line 680: TypeError: this.tablesData[table] is undefined
[Parent 21748, Gecko_IOThread] WARNING: pipe error: 109: file z:/task_1572401533/build/src/ipc/chromium/src/chrome/common/ipc_channel_win.cc, line 341
[Child 3416, Chrome_ChildThread] WARNING: pipe error: 109: file z:/task_1572401533/build/src/ipc/chromium/src/chrome/common/ipc_channel_win.cc, line 341
[Child 3416, Chrome_ChildThre1574835886425	addons.manager	DEBUG	before shutdown
1574835886435	addons.manager	DEBUG	shutdown
1574835886440	addons.manager	DEBUG	Calling shutdown blocker for XPIProvider
1574835886440	addons.xpi	DEBUG	shutdown
1574835886441	addons.xpi-utils	DEBUG	Updating add-on states
1574835886442	addons.xpi-utils	DEBUG	shutdown
1574835886442	addons.manager	DEBUG	Calling shutdown blocker for GMPProvider
1574835886444	addons.manager	DEBUG	Calling shutdown blocker for PluginProvider
1574835886445	addons.manager	DEBUG	Async provider shutdown done
[GPU 24856, Chrome_ChildThread] WAR
###!!! [Child][RunMessage] Error: Channel closing: too late to send/recv, messages will be lost

N
###!!! [Child][MessageChannel::SendAndWait] Error: Channel error: cannot send/recv


Build info: version: &amp;apos;2.53.1&amp;apos;, revision: &amp;apos;a36b8b1cd5757287168e54b817830adce9b0158d&amp;apos;, time: &amp;apos;2016-06-30 19:26:09&amp;apos;
System info: host: &amp;apos;DESKTOP-UHNK6VB&amp;apos;, ip: &amp;apos;192.168.1.187&amp;apos;, os.name: &amp;apos;Windows 10&amp;apos;, os.arch: &amp;apos;amd64&amp;apos;, os.version: &amp;apos;10.0&amp;apos;, java.version: &amp;apos;1.8.0_201&amp;apos;
Driver info: driver.version: FirefoxDriver">
      <![CDATA[org.openqa.selenium.WebDriverException: Failed to connect to binary FirefoxBinary(C:\Program Files\Mozilla Firefox\firefox.exe) on port 7055; process output follows: 
ontributors":null,"locales":["nl"]}],"targetApplications":[{"id":"toolkit@mozilla.org","minVersion":"48.0","maxVersion":null}],"targetPlatforms":[],"signedState":2,"seen":true,"dependencies":[],"incognito":"spanning","userPermissions":{"permissions":["tabs","proxy","webRequest","webRequestBlocking","webNavigation","storage","downloads"],"origins":["http://*/*","https://*/*","<all_urls>"]},"icons":{"48":"images/icon-48.png","128":"images/icon-128.png"},"iconURL":null,"blocklistState":0,"blocklistURL":null,"startupData":null,"hidden":false,"installTelemetryInfo":{"source":"winreg-app-global","method":"sideload"},"recommendationState":null,"rootURI":"jar:file:///C:/ProgramData/WRData/PKG/FF_XPI/wts_ff_extension.xpi!/","location":"winreg-app-global"}
1574835877847	addons.xpi-utils	DEBUG	Updating active state for add-on webrootsecure@webroot.com to true
1574835877849	addons.xpi	DEBUG	Loading bootstrap scope from jar:file:///C:/ProgramData/WRData/PKG/FF_XPI/wts_ff_extension.xpi!/
1574835877849	addons.xpi	DEBUG	Calling bootstrap method startup on webrootsecure@webroot.com version 1.10.0.6
1574835885128	addons.xpi	DEBUG	Calling bootstrap method shutdown on wikipedia@search.mozilla.org version 1.0
1574835885130	addons.xpi	DEBUG	Calling bootstrap method shutdown on webrootsecure@webroot.com version 1.10.0.6
1574835885139	addons.xpi	DEBUG	Calling bootstrap method shutdown on webcompat@mozilla.org version 6.2.0
1574835885151	addons.xpi	DEBUG	Calling bootstrap method shutdown on twitter@search.mozilla.org version 1.0
1574835885154	addons.xpi	DEBUG	Calling bootstrap method shutdown on screenshots@mozilla.org version 39.0.0
1574835885162	addons.xpi	DEBUG	Calling bootstrap method shutdown on google@search.mozilla.org version 1.0
1574835885165	addons.xpi	DEBUG	Calling bootstrap method shutdown on formautofill@mozilla.org version 1.0
1574835885171	addons.xpi	DEBUG	Calling bootstrap method shutdown on ebay@search.mozilla.org version 1.0
1574835885174	addons.xpi	DEBUG	Calling bootstrap method shutdown on default-theme@mozilla.org version 1.0
1574835885177	addons.xpi	DEBUG	Calling bootstrap method shutdown on ddg@search.mozilla.org version 1.0
1574835885179	addons.xpi	DEBUG	Calling bootstrap method shutdown on ciscowebexstart1@cisco.com version 1.0.12
1574835885186	addons.xpi	DEBUG	Calling bootstrap method shutdown on bing@search.mozilla.org version 1.0
1574835885189	addons.xpi	DEBUG	Calling bootstrap method shutdown on amazondotcom@search.mozilla.org version 1.1
[Parent 21748, Gecko_IOThread] WARNING: pipe error: 109: file z:/task_1572401533/build/src/ipc/chromium/src/chrome/common/ipc_channel_win.cc, line 341
[Child 13476, Chrome_ChildThread] WARNING: pipe error: 109: file z:/task_1572401533/build/src/ipc/chromium/src/chrome/common/ipc_channel_win.cc, line 341
[Child 13476, Chrome_ChildThread] WARNING: pipe errJavaScript error: resource://gre/modules/UrlClassifierListManager.jsm, line 680: TypeError: this.tablesData[table] is undefined
[Parent 21748, Gecko_IOThread] WARNING: pipe error: 109: file z:/task_1572401533/build/src/ipc/chromium/src/chrome/common/ipc_channel_win.cc, line 341
[Child 3416, Chrome_ChildThread] WARNING: pipe error: 109: file z:/task_1572401533/build/src/ipc/chromium/src/chrome/common/ipc_channel_win.cc, line 341
[Child 3416, Chrome_ChildThre1574835886425	addons.manager	DEBUG	before shutdown
1574835886435	addons.manager	DEBUG	shutdown
1574835886440	addons.manager	DEBUG	Calling shutdown blocker for XPIProvider
1574835886440	addons.xpi	DEBUG	shutdown
1574835886441	addons.xpi-utils	DEBUG	Updating add-on states
1574835886442	addons.xpi-utils	DEBUG	shutdown
1574835886442	addons.manager	DEBUG	Calling shutdown blocker for GMPProvider
1574835886444	addons.manager	DEBUG	Calling shutdown blocker for PluginProvider
1574835886445	addons.manager	DEBUG	Async provider shutdown done
[GPU 24856, Chrome_ChildThread] WAR
###!!! [Child][RunMessage] Error: Channel closing: too late to send/recv, messages will be lost

N
###!!! [Child][MessageChannel::SendAndWait] Error: Channel error: cannot send/recv


Build info: version: '2.53.1', revision: 'a36b8b1cd5757287168e54b817830adce9b0158d', time: '2016-06-30 19:26:09'
System info: host: 'DESKTOP-UHNK6VB', ip: '192.168.1.187', os.name: 'Windows 10', os.arch: 'amd64', os.version: '10.0', java.version: '1.8.0_201'
Driver info: driver.version: FirefoxDriver
	at org.openqa.selenium.firefox.internal.NewProfileExtensionConnection.start(NewProfileExtensionConnection.java:125)
	at org.openqa.selenium.firefox.FirefoxDriver.startClient(FirefoxDriver.java:271)
	at org.openqa.selenium.remote.RemoteWebDriver.<init>(RemoteWebDriver.java:119)
	at org.openqa.selenium.firefox.FirefoxDriver.<init>(FirefoxDriver.java:216)
	at org.openqa.selenium.firefox.FirefoxDriver.<init>(FirefoxDriver.java:211)
	at org.openqa.selenium.firefox.FirefoxDriver.<init>(FirefoxDriver.java:207)
	at org.openqa.selenium.firefox.FirefoxDriver.<init>(FirefoxDriver.java:120)
	at example.NewTest.beforeTest(NewTest.java:19)
Caused by: org.openqa.selenium.firefox.NotConnectedException: Unable to connect to host 127.0.0.1 on port 7055 after 45000 ms. Firefox console output:
ontributors":null,"locales":["nl"]}],"targetApplications":[{"id":"toolkit@mozilla.org","minVersion":"48.0","maxVersion":null}],"targetPlatforms":[],"signedState":2,"seen":true,"dependencies":[],"incognito":"spanning","userPermissions":{"permissions":["tabs","proxy","webRequest","webRequestBlocking","webNavigation","storage","downloads"],"origins":["http://*/*","https://*/*","<all_urls>"]},"icons":{"48":"images/icon-48.png","128":"images/icon-128.png"},"iconURL":null,"blocklistState":0,"blocklistURL":null,"startupData":null,"hidden":false,"installTelemetryInfo":{"source":"winreg-app-global","method":"sideload"},"recommendationState":null,"rootURI":"jar:file:///C:/ProgramData/WRData/PKG/FF_XPI/wts_ff_extension.xpi!/","location":"winreg-app-global"}
1574835877847	addons.xpi-utils	DEBUG	Updating active state for add-on webrootsecure@webroot.com to true
1574835877849	addons.xpi	DEBUG	Loading bootstrap scope from jar:file:///C:/ProgramData/WRData/PKG/FF_XPI/wts_ff_extension.xpi!/
1574835877849	addons.xpi	DEBUG	Calling bootstrap method startup on webrootsecure@webroot.com version 1.10.0.6
1574835885128	addons.xpi	DEBUG	Calling bootstrap method shutdown on wikipedia@search.mozilla.org version 1.0
1574835885130	addons.xpi	DEBUG	Calling bootstrap method shutdown on webrootsecure@webroot.com version 1.10.0.6
1574835885139	addons.xpi	DEBUG	Calling bootstrap method shutdown on webcompat@mozilla.org version 6.2.0
1574835885151	addons.xpi	DEBUG	Calling bootstrap method shutdown on twitter@search.mozilla.org version 1.0
1574835885154	addons.xpi	DEBUG	Calling bootstrap method shutdown on screenshots@mozilla.org version 39.0.0
1574835885162	addons.xpi	DEBUG	Calling bootstrap method shutdown on google@search.mozilla.org version 1.0
1574835885165	addons.xpi	DEBUG	Calling bootstrap method shutdown on formautofill@mozilla.org version 1.0
1574835885171	addons.xpi	DEBUG	Calling bootstrap method shutdown on ebay@search.mozilla.org version 1.0
1574835885174	addons.xpi	DEBUG	Calling bootstrap method shutdown on default-theme@mozilla.org version 1.0
1574835885177	addons.xpi	DEBUG	Calling bootstrap method shutdown on ddg@search.mozilla.org version 1.0
1574835885179	addons.xpi	DEBUG	Calling bootstrap method shutdown on ciscowebexstart1@cisco.com version 1.0.12
1574835885186	addons.xpi	DEBUG	Calling bootstrap method shutdown on bing@search.mozilla.org version 1.0
1574835885189	addons.xpi	DEBUG	Calling bootstrap method shutdown on amazondotcom@search.mozilla.org version 1.1
[Parent 21748, Gecko_IOThread] WARNING: pipe error: 109: file z:/task_1572401533/build/src/ipc/chromium/src/chrome/common/ipc_channel_win.cc, line 341
[Child 13476, Chrome_ChildThread] WARNING: pipe error: 109: file z:/task_1572401533/build/src/ipc/chromium/src/chrome/common/ipc_channel_win.cc, line 341
[Child 13476, Chrome_ChildThread] WARNING: pipe errJavaScript error: resource://gre/modules/UrlClassifierListManager.jsm, line 680: TypeError: this.tablesData[table] is undefined
[Parent 21748, Gecko_IOThread] WARNING: pipe error: 109: file z:/task_1572401533/build/src/ipc/chromium/src/chrome/common/ipc_channel_win.cc, line 341
[Child 3416, Chrome_ChildThread] WARNING: pipe error: 109: file z:/task_1572401533/build/src/ipc/chromium/src/chrome/common/ipc_channel_win.cc, line 341
[Child 3416, Chrome_ChildThre1574835886425	addons.manager	DEBUG	before shutdown
1574835886435	addons.manager	DEBUG	shutdown
1574835886440	addons.manager	DEBUG	Calling shutdown blocker for XPIProvider
1574835886440	addons.xpi	DEBUG	shutdown
1574835886441	addons.xpi-utils	DEBUG	Updating add-on states
1574835886442	addons.xpi-utils	DEBUG	shutdown
1574835886442	addons.manager	DEBUG	Calling shutdown blocker for GMPProvider
1574835886444	addons.manager	DEBUG	Calling shutdown blocker for PluginProvider
1574835886445	addons.manager	DEBUG	Async provider shutdown done
[GPU 24856, Chrome_ChildThread] WAR
###!!! [Child][RunMessage] Error: Channel closing: too late to send/recv, messages will be lost

N
###!!! [Child][MessageChannel::SendAndWait] Error: Channel error: cannot send/recv


	at org.openqa.selenium.firefox.internal.NewProfileExtensionConnection.start(NewProfileExtensionConnection.java:113)
	... 29 more
... Removed 22 stack frames]]>
    </failure>
  </testcase> <!-- @BeforeTest beforeTest -->
  <testcase name="@AfterTest afterTest" time="0.0" classname="example.NewTest">
    <skipped/>
  </testcase> <!-- @AfterTest afterTest -->
  <testcase name="testEasy" time="0.004" classname="example.NewTest">
    <skipped/>
  </testcase> <!-- testEasy -->
</testsuite> <!-- Test -->
